Using pre-set license
Built from '2021.3/staging' branch; Version is '2021.3.11f1 (0a5ca18544bf) revision 679073'; Using compiler version '192829333'; Build Type 'Release'
OS: 'Windows 10  (10.0.19044) 64bit Professional' Language: 'en' Physical Memory: 8047 MB
BatchMode: 1, IsHumanControllingUs: 0, StartBugReporterOnCrash: 0, Is64bit: 1, IsPro: 1

COMMAND LINE ARGUMENTS:
D:\Unity\Programs\2021.3.5f1\Editor\2021.3.11f1\Editor\Unity.exe
-adb2
-batchMode
-noUpm
-name
AssetImportWorker1
-projectPath
D:/WORKS/Unity Works/MazeGame
-logFile
Logs/AssetImportWorker1.log
-srvPort
65082
Successfully changed project path to: D:/WORKS/Unity Works/MazeGame
D:/WORKS/Unity Works/MazeGame
[UnityMemory] Configuration Parameters - Can be set up in boot.config
    "memorysetup-bucket-allocator-granularity=16"
    "memorysetup-bucket-allocator-bucket-count=8"
    "memorysetup-bucket-allocator-block-size=33554432"
    "memorysetup-bucket-allocator-block-count=8"
    "memorysetup-main-allocator-block-size=16777216"
    "memorysetup-thread-allocator-block-size=16777216"
    "memorysetup-gfx-main-allocator-block-size=16777216"
    "memorysetup-gfx-thread-allocator-block-size=16777216"
    "memorysetup-cache-allocator-block-size=4194304"
    "memorysetup-typetree-allocator-block-size=2097152"
    "memorysetup-profiler-bucket-allocator-granularity=16"
    "memorysetup-profiler-bucket-allocator-bucket-count=8"
    "memorysetup-profiler-bucket-allocator-block-size=33554432"
    "memorysetup-profiler-bucket-allocator-block-count=8"
    "memorysetup-profiler-allocator-block-size=16777216"
    "memorysetup-profiler-editor-allocator-block-size=1048576"
    "memorysetup-temp-allocator-size-main=16777216"
    "memorysetup-job-temp-allocator-block-size=2097152"
    "memorysetup-job-temp-allocator-block-size-background=1048576"
    "memorysetup-job-temp-allocator-reduction-small-platforms=262144"
    "memorysetup-temp-allocator-size-background-worker=32768"
    "memorysetup-temp-allocator-size-job-worker=262144"
    "memorysetup-temp-allocator-size-preload-manager=33554432"
    "memorysetup-temp-allocator-size-nav-mesh-worker=65536"
    "memorysetup-temp-allocator-size-audio-worker=65536"
    "memorysetup-temp-allocator-size-cloud-worker=32768"
    "memorysetup-temp-allocator-size-gi-baking-worker=262144"
    "memorysetup-temp-allocator-size-gfx=262144"
Refreshing native plugins compatible for Editor in 59.14 ms, found 2 plugins.
Preloading 0 native plugins for Editor in 0.00 ms.
Initialize engine version: 2021.3.11f1 (0a5ca18544bf)
[Subsystems] Discovering subsystems at path D:/Unity/Programs/2021.3.5f1/Editor/2021.3.11f1/Editor/Data/Resources/UnitySubsystems
[Subsystems] Discovering subsystems at path D:/WORKS/Unity Works/MazeGame/Assets
GfxDevice: creating device client; threaded=0; jobified=0
Direct3D:
    Version:  Direct3D 11.0 [level 11.1]
    Renderer: NVIDIA GeForce GTX 1050 Ti (ID=0x1c8c)
    Vendor:   NVIDIA
    VRAM:     4021 MB
    Driver:   25.21.14.2546
Initialize mono
Mono path[0] = 'D:/Unity/Programs/2021.3.5f1/Editor/2021.3.11f1/Editor/Data/Managed'
Mono path[1] = 'D:/Unity/Programs/2021.3.5f1/Editor/2021.3.11f1/Editor/Data/MonoBleedingEdge/lib/mono/unityjit-win32'
Mono config path = 'D:/Unity/Programs/2021.3.5f1/Editor/2021.3.11f1/Editor/Data/MonoBleedingEdge/etc'
Using monoOptions --debugger-agent=transport=dt_socket,embedding=1,server=y,suspend=n,address=127.0.0.1:56620
Begin MonoManager ReloadAssembly
Registering precompiled unity dll's ...
Register platform support module: D:/Unity/Programs/2021.3.5f1/Editor/2021.3.11f1/Editor/Data/PlaybackEngines/WebGLSupport/UnityEditor.WebGL.Extensions.dll
Register platform support module: D:/Unity/Programs/2021.3.5f1/Editor/2021.3.11f1/Editor/Data/PlaybackEngines/WindowsStandaloneSupport/UnityEditor.WindowsStandalone.Extensions.dll
Registered in 0.004772 seconds.
Native extension for WindowsStandalone target not found
Native extension for WebGL target not found
Refreshing native plugins compatible for Editor in 45.57 ms, found 2 plugins.
Preloading 0 native plugins for Editor in 0.00 ms.
Mono: successfully reloaded assembly
- Completed reload, in  0.660 seconds
Domain Reload Profiling:
	ReloadAssembly (661ms)
		BeginReloadAssembly (76ms)
			ExecutionOrderSort (0ms)
			DisableScriptedObjects (0ms)
			BackupInstance (0ms)
			ReleaseScriptingObjects (0ms)
			CreateAndSetChildDomain (1ms)
		EndReloadAssembly (469ms)
			LoadAssemblies (75ms)
			RebuildTransferFunctionScriptingTraits (0ms)
			SetupTypeCache (123ms)
			ReleaseScriptCaches (0ms)
			RebuildScriptCaches (31ms)
			SetupLoadedEditorAssemblies (262ms)
				LogAssemblyErrors (0ms)
				InitializePlatformSupportModulesInManaged (9ms)
				SetLoadedEditorAssemblies (0ms)
				RefreshPlugins (46ms)
				BeforeProcessingInitializeOnLoad (1ms)
				ProcessInitializeOnLoadAttributes (154ms)
				ProcessInitializeOnLoadMethodAttributes (51ms)
				AfterProcessingInitializeOnLoad (0ms)
				EditorAssembliesLoaded (0ms)
			ExecutionOrderSort2 (0ms)
			AwakeInstancesAfterBackupRestoration (0ms)
Platform modules already initialized, skipping
Registering precompiled user dll's ...
Registered in 0.004275 seconds.
Begin MonoManager ReloadAssembly
OnLevelWasLoaded was found on ReCursor
This message has been deprecated and will be removed in a later version of Unity.
Add a delegate to SceneManager.sceneLoaded instead to get notifications after scene loading has completed
Native extension for WindowsStandalone target not found
Native extension for WebGL target not found
Refreshing native plugins compatible for Editor in 0.56 ms, found 2 plugins.
Preloading 0 native plugins for Editor in 0.00 ms.
Mono: successfully reloaded assembly
- Completed reload, in  0.953 seconds
Domain Reload Profiling:
	ReloadAssembly (954ms)
		BeginReloadAssembly (127ms)
			ExecutionOrderSort (0ms)
			DisableScriptedObjects (6ms)
			BackupInstance (0ms)
			ReleaseScriptingObjects (0ms)
			CreateAndSetChildDomain (22ms)
		EndReloadAssembly (698ms)
			LoadAssemblies (89ms)
			RebuildTransferFunctionScriptingTraits (0ms)
			SetupTypeCache (213ms)
			ReleaseScriptCaches (0ms)
			RebuildScriptCaches (48ms)
			SetupLoadedEditorAssemblies (319ms)
				LogAssemblyErrors (0ms)
				InitializePlatformSupportModulesInManaged (7ms)
				SetLoadedEditorAssemblies (1ms)
				RefreshPlugins (1ms)
				BeforeProcessingInitializeOnLoad (53ms)
				ProcessInitializeOnLoadAttributes (219ms)
				ProcessInitializeOnLoadMethodAttributes (34ms)
				AfterProcessingInitializeOnLoad (4ms)
				EditorAssembliesLoaded (0ms)
			ExecutionOrderSort2 (0ms)
			AwakeInstancesAfterBackupRestoration (7ms)
Platform modules already initialized, skipping
========================================================================
Worker process is ready to serve import requests
Launched and connected shader compiler UnityShaderCompiler.exe after 0.06 seconds
Refreshing native plugins compatible for Editor in 0.54 ms, found 2 plugins.
Preloading 0 native plugins for Editor in 0.00 ms.
Unloading 1833 Unused Serialized files (Serialized files now loaded: 0)
Unloading 22 unused Assets / (408.6 KB). Loaded Objects now: 2338.
Memory consumption went from 102.7 MB to 102.3 MB.
Total: 3.668000 ms (FindLiveObjects: 0.230700 ms CreateObjectMapping: 0.092100 ms MarkObjects: 2.997300 ms  DeleteObjects: 0.345600 ms)

AssetImportParameters requested are different than current active one (requested -> active):
  custom:video-decoder-ogg-theora: a1e56fd34408186e4bbccfd4996cb3dc -> 
  custom:container-muxer-webm: aa71ff27fc2769a1b78a27578f13a17b -> 
  custom:container-demuxer-webm: 4f35f7cbe854078d1ac9338744f61a02 -> 
  custom:video-encoder-webm-vp8: eb34c28f22e8b96e1ab97ce403110664 -> 
  custom:video-codec-MediaFoundation-h265: 746d11721c4dcdbdad8f713fa42b33f4 -> 
  custom:audio-encoder-webm-vorbis: bf7c407c2cedff20999df2af8eb42d56 -> 
  custom:framework-win-MediaFoundation: 216162199b28c13a410421893ffa2e32 -> 
  custom:container-demuxer-ogg: 62fdf1f143b41e24485cea50d1cbac27 -> 
  custom:video-decoder-webm-vp8: 9c59270c3fd7afecdb556c50c9e8de78 -> 
  custom:audio-decoder-ogg-vorbis: bf7c407c2cedff20999df2af8eb42d56 -> 
========================================================================
Received Import Request.
  Time since last request: 183287.607291 seconds.
  path: Assets/Scenes/SampleScene/NavMesh.asset
  artifactKey: Guid(673f745f959b068489087bce27b17405) Importer(815301076,1909f56bfc062723c751e8b465ee728b)
Start importing Assets/Scenes/SampleScene/NavMesh.asset using Guid(673f745f959b068489087bce27b17405) Importer(815301076,1909f56bfc062723c751e8b465ee728b)  -> (artifact id: 'a568dd52db183e27754b2caf062e4928') in 0.204721 seconds 
========================================================================
Received Import Request.
  Time since last request: 15.382473 seconds.
  path: Assets/_TerrainAutoUpgrade/layer_grass01_bb3407d0e55802f81.terrainlayer
  artifactKey: Guid(c3060bd08d4f52a4aae324fe49aa8d47) Importer(815301076,1909f56bfc062723c751e8b465ee728b)
Start importing Assets/_TerrainAutoUpgrade/layer_grass01_bb3407d0e55802f81.terrainlayer using Guid(c3060bd08d4f52a4aae324fe49aa8d47) Importer(815301076,1909f56bfc062723c751e8b465ee728b)  -> (artifact id: '743ba3f22b2e2f85dad65ceb92cb33be') in 0.176192 seconds 
========================================================================
Received Import Request.
  Time since last request: 0.000031 seconds.
  path: Assets/_TerrainAutoUpgrade/layer_grass01b3407d0e55802f81.terrainlayer
  artifactKey: Guid(71ea3b5f47ff9fe4d829987e6788d10f) Importer(815301076,1909f56bfc062723c751e8b465ee728b)
Start importing Assets/_TerrainAutoUpgrade/layer_grass01b3407d0e55802f81.terrainlayer using Guid(71ea3b5f47ff9fe4d829987e6788d10f) Importer(815301076,1909f56bfc062723c751e8b465ee728b)  -> (artifact id: 'ccce122e862432c1e3176b3a1171a7cc') in 0.064600 seconds 
========================================================================
Received Import Request.
  Time since last request: 17.191775 seconds.
  path: Assets/MySettingAssets/ChestMonsterPBR.prefab
  artifactKey: Guid(67a423c231f59a54d9eceaea46169a3d) Importer(815301076,1909f56bfc062723c751e8b465ee728b)
Start importing Assets/MySettingAssets/ChestMonsterPBR.prefab using Guid(67a423c231f59a54d9eceaea46169a3d) Importer(815301076,1909f56bfc062723c751e8b465ee728b)  -> (artifact id: '98691445fc35e1c5d6b485b5bb0936ae') in 1.128586 seconds 
========================================================================
Received Import Request.
  Time since last request: 0.000029 seconds.
  path: Assets/MySettingAssets/minimap render.renderTexture
  artifactKey: Guid(f136374dbe1d24c408c3fecf138fbd1c) Importer(815301076,1909f56bfc062723c751e8b465ee728b)
Start importing Assets/MySettingAssets/minimap render.renderTexture using Guid(f136374dbe1d24c408c3fecf138fbd1c) Importer(815301076,1909f56bfc062723c751e8b465ee728b)  -> (artifact id: 'b6ceb490f6b4575ae1e6e32ec49a90f5') in 0.096979 seconds 
========================================================================
Received Import Request.
  Time since last request: 0.000049 seconds.
  path: Assets/MySettingAssets/SlimePBR Variant.prefab
  artifactKey: Guid(1338781ef5e2c004b936918ab97d3db2) Importer(815301076,1909f56bfc062723c751e8b465ee728b)
Start importing Assets/MySettingAssets/SlimePBR Variant.prefab using Guid(1338781ef5e2c004b936918ab97d3db2) Importer(815301076,1909f56bfc062723c751e8b465ee728b)  -> (artifact id: '7519091199c4e217f14c0a1b02811e5b') in 0.580976 seconds 
========================================================================
Received Import Request.
  Time since last request: 27.206984 seconds.
  path: Assets/Invector-3rdPersonController_LITE/3D Models/Others/basicSky.mat
  artifactKey: Guid(5c82f5860bd4ab14f9ee7842f7f7e6e2) Importer(815301076,1909f56bfc062723c751e8b465ee728b)
Start importing Assets/Invector-3rdPersonController_LITE/3D Models/Others/basicSky.mat using Guid(5c82f5860bd4ab14f9ee7842f7f7e6e2) Importer(815301076,1909f56bfc062723c751e8b465ee728b)  -> (artifact id: '5acc92ee578c79b3212fecbab4ca261f') in 0.526900 seconds 
========================================================================
Received Import Request.
  Time since last request: 0.000025 seconds.
  path: Assets/Invector-3rdPersonController_LITE/3D Models/Textures/prototype_textures/Materials/carbon.mat
  artifactKey: Guid(50ac9aaf650337544b871e557fa095ca) Importer(815301076,1909f56bfc062723c751e8b465ee728b)
Start importing Assets/Invector-3rdPersonController_LITE/3D Models/Textures/prototype_textures/Materials/carbon.mat using Guid(50ac9aaf650337544b871e557fa095ca) Importer(815301076,1909f56bfc062723c751e8b465ee728b)  -> (artifact id: '8603e60f6037223728a616716a8095ad') in 0.212398 seconds 
========================================================================
Received Import Request.
  Time since last request: 0.000055 seconds.
  path: Assets/Invector-3rdPersonController_LITE/3D Models/Textures/basicTextures/Materials/blockIcon.mat
  artifactKey: Guid(bfbb0dc28d099374ea54992d9c8b94a6) Importer(815301076,1909f56bfc062723c751e8b465ee728b)
Start importing Assets/Invector-3rdPersonController_LITE/3D Models/Textures/basicTextures/Materials/blockIcon.mat using Guid(bfbb0dc28d099374ea54992d9c8b94a6) Importer(815301076,1909f56bfc062723c751e8b465ee728b)  -> (artifact id: '74ad978b8ca8df19ec488eb69c5e9203') in 0.488514 seconds 
========================================================================
Received Import Request.
  Time since last request: 0.000031 seconds.
  path: Assets/JMO Assets/Cartoon FX/Materials/Misc/CFX2_Glow Soft.mat
  artifactKey: Guid(b6a4ebddb006a4a4bb0bea6365c7512a) Importer(815301076,1909f56bfc062723c751e8b465ee728b)
Start importing Assets/JMO Assets/Cartoon FX/Materials/Misc/CFX2_Glow Soft.mat using Guid(b6a4ebddb006a4a4bb0bea6365c7512a) Importer(815301076,1909f56bfc062723c751e8b465ee728b)  -> (artifact id: 'ad03a5379374a39f73abf9efa2782312') in 0.121865 seconds 
========================================================================
Received Import Request.
  Time since last request: 0.000034 seconds.
  path: Assets/Standard Assets/Environment/SpeedTree/Broadleaf/Broadleaf_Desktop Materials/LOD2/Branches_1.mat
  artifactKey: Guid(639aa87a96d586c4e84838574ce20ca3) Importer(815301076,1909f56bfc062723c751e8b465ee728b)
Start importing Assets/Standard Assets/Environment/SpeedTree/Broadleaf/Broadleaf_Desktop Materials/LOD2/Branches_1.mat using Guid(639aa87a96d586c4e84838574ce20ca3) Importer(815301076,1909f56bfc062723c751e8b465ee728b)  -> (artifact id: 'ee0b2ec9a4a66756032c24059ce77b9e') in 0.803051 seconds 
========================================================================
Received Import Request.
  Time since last request: 0.000033 seconds.
  path: Assets/Standard Assets/Environment/SpeedTree/Broadleaf/Broadleaf_Desktop Materials/LOD1/Branches_0.mat
  artifactKey: Guid(4be5b19d42487c24f830c4ee36849a95) Importer(815301076,1909f56bfc062723c751e8b465ee728b)
Start importing Assets/Standard Assets/Environment/SpeedTree/Broadleaf/Broadleaf_Desktop Materials/LOD1/Branches_0.mat using Guid(4be5b19d42487c24f830c4ee36849a95) Importer(815301076,1909f56bfc062723c751e8b465ee728b)  -> (artifact id: '425ecd53082987ad426c4333bfdc9586') in 0.701139 seconds 
========================================================================
Received Import Request.
  Time since last request: 0.000035 seconds.
  path: Assets/Standard Assets/Environment/SpeedTree/Broadleaf/Broadleaf_Desktop Materials/LOD0/Branches_1.mat
  artifactKey: Guid(e621ee108fde15148a5e4b4ab67667b9) Importer(815301076,1909f56bfc062723c751e8b465ee728b)
Start importing Assets/Standard Assets/Environment/SpeedTree/Broadleaf/Broadleaf_Desktop Materials/LOD0/Branches_1.mat using Guid(e621ee108fde15148a5e4b4ab67667b9) Importer(815301076,1909f56bfc062723c751e8b465ee728b)  -> (artifact id: '56f0d108a84b398022aa53137889eb14') in 0.025287 seconds 
========================================================================
Received Import Request.
  Time since last request: 0.000031 seconds.
  path: Assets/Standard Assets/Environment/SpeedTree/Broadleaf/Broadleaf_Desktop Materials/LOD1/Branches_1.mat
  artifactKey: Guid(97ad51f0a4aed0a4289f5462ce6dc18f) Importer(815301076,1909f56bfc062723c751e8b465ee728b)
Start importing Assets/Standard Assets/Environment/SpeedTree/Broadleaf/Broadleaf_Desktop Materials/LOD1/Branches_1.mat using Guid(97ad51f0a4aed0a4289f5462ce6dc18f) Importer(815301076,1909f56bfc062723c751e8b465ee728b)  -> (artifact id: '237e26679e87914a44c69ae443fd2663') in 0.028400 seconds 
========================================================================
Received Import Request.
  Time since last request: 0.000086 seconds.
  path: Assets/Standard Assets/Environment/SpeedTree/Palm/Palm_Desktop Materials/LOD0/Branches_0.mat
  artifactKey: Guid(39baceec69bb1ee4fb4194d50e1a6d10) Importer(815301076,1909f56bfc062723c751e8b465ee728b)
Start importing Assets/Standard Assets/Environment/SpeedTree/Palm/Palm_Desktop Materials/LOD0/Branches_0.mat using Guid(39baceec69bb1ee4fb4194d50e1a6d10) Importer(815301076,1909f56bfc062723c751e8b465ee728b)  -> (artifact id: '5ed6bb68eb0cdacaf0d1b4edd0fb59d3') in 0.031648 seconds 
========================================================================
Received Import Request.
  Time since last request: 0.000038 seconds.
  path: Assets/AurynSky/Gems Ultimate Pack/Materials/Blue.mat
  artifactKey: Guid(d3fdd53a2b5dd904fad8d824266a4cad) Importer(815301076,1909f56bfc062723c751e8b465ee728b)
Start importing Assets/AurynSky/Gems Ultimate Pack/Materials/Blue.mat using Guid(d3fdd53a2b5dd904fad8d824266a4cad) Importer(815301076,1909f56bfc062723c751e8b465ee728b)  -> (artifact id: 'bd666dc798b40fa0a7a2fcd312a1430d') in 0.033093 seconds 
========================================================================
Received Import Request.
  Time since last request: 0.000035 seconds.
  path: Assets/JMO Assets/Cartoon FX/Materials/Misc/CFX2_ShinyStar Add.mat
  artifactKey: Guid(c1b09b1ca8ba05d4682ccf6db6b1102d) Importer(815301076,1909f56bfc062723c751e8b465ee728b)
Start importing Assets/JMO Assets/Cartoon FX/Materials/Misc/CFX2_ShinyStar Add.mat using Guid(c1b09b1ca8ba05d4682ccf6db6b1102d) Importer(815301076,1909f56bfc062723c751e8b465ee728b)  -> (artifact id: 'dffaa1cd647fe7cbc5edecb5fc80cecb') in 0.054542 seconds 
========================================================================
Received Import Request.
  Time since last request: 0.000029 seconds.
  path: Assets/Invector-3rdPersonController_LITE/3D Models/Textures/prototype_textures/blue_floor_Tiled 1.mat
  artifactKey: Guid(50379933e8dbabe4eb6d36e41aec0185) Importer(815301076,1909f56bfc062723c751e8b465ee728b)
Start importing Assets/Invector-3rdPersonController_LITE/3D Models/Textures/prototype_textures/blue_floor_Tiled 1.mat using Guid(50379933e8dbabe4eb6d36e41aec0185) Importer(815301076,1909f56bfc062723c751e8b465ee728b)  -> (artifact id: '3fc4c5265aeae6aeab4513da05d986d2') in 0.404201 seconds 
========================================================================
Received Import Request.
  Time since last request: 0.000021 seconds.
  path: Assets/Invector-3rdPersonController_LITE/3D Models/Others/Materials/blue_cube_simple.mat
  artifactKey: Guid(b9c988e3a01f8a34f8cf350e4f566def) Importer(815301076,1909f56bfc062723c751e8b465ee728b)
Start importing Assets/Invector-3rdPersonController_LITE/3D Models/Others/Materials/blue_cube_simple.mat using Guid(b9c988e3a01f8a34f8cf350e4f566def) Importer(815301076,1909f56bfc062723c751e8b465ee728b)  -> (artifact id: 'e2daa1966e993a5c4ddf4979c24a6d3d') in 0.430359 seconds 
========================================================================
Received Import Request.
  Time since last request: 0.000044 seconds.
  path: Assets/Standard Assets/Environment/SpeedTree/Conifer/Conifer_Desktop Materials/LOD2/Branches_1.mat
  artifactKey: Guid(57df284b8a7c87b4894ac5f9c86e0be9) Importer(815301076,1909f56bfc062723c751e8b465ee728b)
Start importing Assets/Standard Assets/Environment/SpeedTree/Conifer/Conifer_Desktop Materials/LOD2/Branches_1.mat using Guid(57df284b8a7c87b4894ac5f9c86e0be9) Importer(815301076,1909f56bfc062723c751e8b465ee728b)  -> (artifact id: '0c05045a045ea890e99617404af4b156') in 0.030037 seconds 
========================================================================
Received Import Request.
  Time since last request: 0.000024 seconds.
  path: Assets/JMO Assets/Cartoon FX/Materials/Misc/CFX2_Glow.mat
  artifactKey: Guid(b479681f08574fd4188237f92866cbac) Importer(815301076,1909f56bfc062723c751e8b465ee728b)
Start importing Assets/JMO Assets/Cartoon FX/Materials/Misc/CFX2_Glow.mat using Guid(b479681f08574fd4188237f92866cbac) Importer(815301076,1909f56bfc062723c751e8b465ee728b)  -> (artifact id: 'c05b1c60bcf4b981dd846a7bb9416a07') in 0.046438 seconds 
========================================================================
Received Import Request.
  Time since last request: 0.000027 seconds.
  path: Assets/Standard Assets/Environment/SpeedTree/Conifer/Conifer_Desktop Materials/LOD0/Branches_0.mat
  artifactKey: Guid(d4880c932a8e12b48a3039233e9634a0) Importer(815301076,1909f56bfc062723c751e8b465ee728b)
Start importing Assets/Standard Assets/Environment/SpeedTree/Conifer/Conifer_Desktop Materials/LOD0/Branches_0.mat using Guid(d4880c932a8e12b48a3039233e9634a0) Importer(815301076,1909f56bfc062723c751e8b465ee728b)  -> (artifact id: 'c62fbdde85535d194763560ddf772595') in 0.046177 seconds 
========================================================================
Received Import Request.
  Time since last request: 0.000022 seconds.
  path: Assets/Standard Assets/Environment/SpeedTree/Broadleaf/Broadleaf_Desktop Materials/Billboard.mat
  artifactKey: Guid(d68104aea3d1d084385a1acc7c896247) Importer(815301076,1909f56bfc062723c751e8b465ee728b)
Start importing Assets/Standard Assets/Environment/SpeedTree/Broadleaf/Broadleaf_Desktop Materials/Billboard.mat using Guid(d68104aea3d1d084385a1acc7c896247) Importer(815301076,1909f56bfc062723c751e8b465ee728b)  -> (artifact id: '4262ee3ab7e050a73b8c86da99c7e954') in 0.642372 seconds 
========================================================================
Received Prepare
Registering precompiled user dll's ...
Registered in 0.004928 seconds.
OnLevelWasLoaded was found on ReCursor
This message has been deprecated and will be removed in a later version of Unity.
Add a delegate to SceneManager.sceneLoaded instead to get notifications after scene loading has completed
Begin MonoManager ReloadAssembly
OnLevelWasLoaded was found on ReCursor
This message has been deprecated and will be removed in a later version of Unity.
Add a delegate to SceneManager.sceneLoaded instead to get notifications after scene loading has completed
Native extension for WindowsStandalone target not found
Native extension for WebGL target not found
Refreshing native plugins compatible for Editor in 0.77 ms, found 2 plugins.
Preloading 0 native plugins for Editor in 0.00 ms.
Mono: successfully reloaded assembly
- Completed reload, in  1.380 seconds
Domain Reload Profiling:
	ReloadAssembly (1381ms)
		BeginReloadAssembly (173ms)
			ExecutionOrderSort (0ms)
			DisableScriptedObjects (8ms)
			BackupInstance (0ms)
			ReleaseScriptingObjects (0ms)
			CreateAndSetChildDomain (45ms)
		EndReloadAssembly (1050ms)
			LoadAssemblies (110ms)
			RebuildTransferFunctionScriptingTraits (0ms)
			SetupTypeCache (286ms)
			ReleaseScriptCaches (2ms)
			RebuildScriptCaches (76ms)
			SetupLoadedEditorAssemblies (507ms)
				LogAssemblyErrors (0ms)
				InitializePlatformSupportModulesInManaged (23ms)
				SetLoadedEditorAssemblies (1ms)
				RefreshPlugins (1ms)
				BeforeProcessingInitializeOnLoad (86ms)
				ProcessInitializeOnLoadAttributes (329ms)
				ProcessInitializeOnLoadMethodAttributes (60ms)
				AfterProcessingInitializeOnLoad (7ms)
				EditorAssembliesLoaded (0ms)
			ExecutionOrderSort2 (0ms)
			AwakeInstancesAfterBackupRestoration (14ms)
Platform modules already initialized, skipping
OnLevelWasLoaded was found on ReCursor
This message has been deprecated and will be removed in a later version of Unity.
Add a delegate to SceneManager.sceneLoaded instead to get notifications after scene loading has completed
Refreshing native plugins compatible for Editor in 3.32 ms, found 2 plugins.
Preloading 0 native plugins for Editor in 0.00 ms.
Unloading 1808 Unused Serialized files (Serialized files now loaded: 0)
Unloading 15 unused Assets / (396.3 KB). Loaded Objects now: 2388.
Memory consumption went from 117.9 MB to 117.5 MB.
Total: 7.640700 ms (FindLiveObjects: 0.279600 ms CreateObjectMapping: 0.110300 ms MarkObjects: 6.730500 ms  DeleteObjects: 0.518100 ms)

AssetImportParameters requested are different than current active one (requested -> active):
  custom:video-decoder-ogg-theora: a1e56fd34408186e4bbccfd4996cb3dc -> 
  custom:container-muxer-webm: aa71ff27fc2769a1b78a27578f13a17b -> 
  custom:container-demuxer-webm: 4f35f7cbe854078d1ac9338744f61a02 -> 
  custom:video-encoder-webm-vp8: eb34c28f22e8b96e1ab97ce403110664 -> 
  custom:video-codec-MediaFoundation-h265: 746d11721c4dcdbdad8f713fa42b33f4 -> 
  custom:audio-encoder-webm-vorbis: bf7c407c2cedff20999df2af8eb42d56 -> 
  custom:framework-win-MediaFoundation: 216162199b28c13a410421893ffa2e32 -> 
  custom:container-demuxer-ogg: 62fdf1f143b41e24485cea50d1cbac27 -> 
  custom:video-decoder-webm-vp8: 9c59270c3fd7afecdb556c50c9e8de78 -> 
  custom:audio-decoder-ogg-vorbis: bf7c407c2cedff20999df2af8eb42d56 -> 
========================================================================
Received Import Request.
  Time since last request: 154.719624 seconds.
  path: Assets/MySettingAssets/Lamp/rv_lamp_post_3 Variant.prefab
  artifactKey: Guid(3fa8f76bc8c55874f846b7f65d123d52) Importer(815301076,1909f56bfc062723c751e8b465ee728b)
Start importing Assets/MySettingAssets/Lamp/rv_lamp_post_3 Variant.prefab using Guid(3fa8f76bc8c55874f846b7f65d123d52) Importer(815301076,1909f56bfc062723c751e8b465ee728b)  -> (artifact id: '4405aa09df8fb27aa261b843ae031061') in 0.384970 seconds 
========================================================================
Received Import Request.
  Time since last request: 0.000031 seconds.
  path: Assets/MySettingAssets/Lamp/rv_lamp_post_3.prefab
  artifactKey: Guid(81f566de6c4a0234ab83ab705f2aaa74) Importer(815301076,1909f56bfc062723c751e8b465ee728b)
Start importing Assets/MySettingAssets/Lamp/rv_lamp_post_3.prefab using Guid(81f566de6c4a0234ab83ab705f2aaa74) Importer(815301076,1909f56bfc062723c751e8b465ee728b)  -> (artifact id: 'b1b420fba328aab18f9aa155e034d18b') in 0.030249 seconds 
========================================================================
Received Import Request.
  Time since last request: 10.020561 seconds.
  path: Assets/MySettingAssets/Walls/P_Brick_Fence_01.prefab
  artifactKey: Guid(bab6b86a1c51d1b4897ee2e551c9abbe) Importer(815301076,1909f56bfc062723c751e8b465ee728b)
Start importing Assets/MySettingAssets/Walls/P_Brick_Fence_01.prefab using Guid(bab6b86a1c51d1b4897ee2e551c9abbe) Importer(815301076,1909f56bfc062723c751e8b465ee728b)  -> (artifact id: '6896ac9a76ad7fb68121f735f8291d61') in 1.051050 seconds 
========================================================================
Received Import Request.
  Time since last request: 0.000028 seconds.
  path: Assets/MySettingAssets/Walls/P_Brick_Fence_Column_01 1.prefab
  artifactKey: Guid(1ff5fafbe8cff994a8a535f66bd67f8a) Importer(815301076,1909f56bfc062723c751e8b465ee728b)
Start importing Assets/MySettingAssets/Walls/P_Brick_Fence_Column_01 1.prefab using Guid(1ff5fafbe8cff994a8a535f66bd67f8a) Importer(815301076,1909f56bfc062723c751e8b465ee728b)  -> (artifact id: '7f2e030827aacd4c21ba2a9512d63f2a') in 0.050616 seconds 
========================================================================
Received Import Request.
  Time since last request: 0.000024 seconds.
  path: Assets/MySettingAssets/Walls/P_Brick_Fence_03b.prefab
  artifactKey: Guid(8dc3f6530f13a944fb2ad643327b8938) Importer(815301076,1909f56bfc062723c751e8b465ee728b)
Start importing Assets/MySettingAssets/Walls/P_Brick_Fence_03b.prefab using Guid(8dc3f6530f13a944fb2ad643327b8938) Importer(815301076,1909f56bfc062723c751e8b465ee728b)  -> (artifact id: '851ef65e4a6ec5ee5bc054249f9ec607') in 0.317513 seconds 
========================================================================
Received Import Request.
  Time since last request: 0.000022 seconds.
  path: Assets/MySettingAssets/walk sound/step2grass.mp3
  artifactKey: Guid(34e01848aff59364cab6bfb009a5d0ee) Importer(815301076,1909f56bfc062723c751e8b465ee728b)
Start importing Assets/MySettingAssets/walk sound/step2grass.mp3 using Guid(34e01848aff59364cab6bfb009a5d0ee) Importer(815301076,1909f56bfc062723c751e8b465ee728b)  -> (artifact id: '42775e888671f2ab301a244336172213') in 0.232970 seconds 
========================================================================
Received Import Request.
  Time since last request: 0.000032 seconds.
  path: Assets/MySettingAssets/walk sound/jumpgrass.mp3
  artifactKey: Guid(0d9abf2ad71932243a444932d2ce9923) Importer(815301076,1909f56bfc062723c751e8b465ee728b)
Start importing Assets/MySettingAssets/walk sound/jumpgrass.mp3 using Guid(0d9abf2ad71932243a444932d2ce9923) Importer(815301076,1909f56bfc062723c751e8b465ee728b)  -> (artifact id: '4d300046c89991d021a633acc73d7866') in 0.055894 seconds 
========================================================================
Received Import Request.
  Time since last request: 0.000046 seconds.
  path: Assets/MySettingAssets/Walls/P_Brick_Fence_03.prefab
  artifactKey: Guid(51f09a24878e67749bff1be696a013a0) Importer(815301076,1909f56bfc062723c751e8b465ee728b)
Start importing Assets/MySettingAssets/Walls/P_Brick_Fence_03.prefab using Guid(51f09a24878e67749bff1be696a013a0) Importer(815301076,1909f56bfc062723c751e8b465ee728b)  -> (artifact id: 'bc89d084ef352a0278a4fdec0d74195e') in 0.059697 seconds 
========================================================================
Received Import Request.
  Time since last request: 3.493254 seconds.
  path: Assets/MySettingAssets/Monsters/ChestMonsterPBR.prefab
  artifactKey: Guid(7b7f3e2a2c3f8bd46addf092657e69fe) Importer(815301076,1909f56bfc062723c751e8b465ee728b)
Start importing Assets/MySettingAssets/Monsters/ChestMonsterPBR.prefab using Guid(7b7f3e2a2c3f8bd46addf092657e69fe) Importer(815301076,1909f56bfc062723c751e8b465ee728b)  -> (artifact id: '2c0e004b371520c5260d1ec348651dca') in 0.069989 seconds 
========================================================================
Received Import Request.
  Time since last request: 4.305785 seconds.
  path: Assets/MySettingAssets/background audio/Dungeon5.ogg
  artifactKey: Guid(1bc8518468a8a5f469cebb18336f92e7) Importer(815301076,1909f56bfc062723c751e8b465ee728b)
Start importing Assets/MySettingAssets/background audio/Dungeon5.ogg using Guid(1bc8518468a8a5f469cebb18336f92e7) Importer(815301076,1909f56bfc062723c751e8b465ee728b)  -> (artifact id: '3ce6577738ab5a46b18373b31220b8de') in 0.055226 seconds 
========================================================================
Received Import Request.
  Time since last request: 0.000113 seconds.
  path: Assets/MySettingAssets/background audio/Theme2.ogg
  artifactKey: Guid(c081c3fd50e489a40a5e0882d5b7a45c) Importer(815301076,1909f56bfc062723c751e8b465ee728b)
Start importing Assets/MySettingAssets/background audio/Theme2.ogg using Guid(c081c3fd50e489a40a5e0882d5b7a45c) Importer(815301076,1909f56bfc062723c751e8b465ee728b)  -> (artifact id: '9d4acb67a110f57ca922bc5d399ad3c1') in 0.079071 seconds 
========================================================================
Received Prepare
Registering precompiled user dll's ...
Registered in 0.004620 seconds.
OnLevelWasLoaded was found on ReCursor
This message has been deprecated and will be removed in a later version of Unity.
Add a delegate to SceneManager.sceneLoaded instead to get notifications after scene loading has completed
Begin MonoManager ReloadAssembly
OnLevelWasLoaded was found on ReCursor
This message has been deprecated and will be removed in a later version of Unity.
Add a delegate to SceneManager.sceneLoaded instead to get notifications after scene loading has completed
Native extension for WindowsStandalone target not found
Native extension for WebGL target not found
Refreshing native plugins compatible for Editor in 1.29 ms, found 2 plugins.
Preloading 0 native plugins for Editor in 0.00 ms.
Mono: successfully reloaded assembly
- Completed reload, in  1.605 seconds
Domain Reload Profiling:
	ReloadAssembly (1607ms)
		BeginReloadAssembly (223ms)
			ExecutionOrderSort (0ms)
			DisableScriptedObjects (9ms)
			BackupInstance (0ms)
			ReleaseScriptingObjects (0ms)
			CreateAndSetChildDomain (56ms)
		EndReloadAssembly (1219ms)
			LoadAssemblies (142ms)
			RebuildTransferFunctionScriptingTraits (0ms)
			SetupTypeCache (325ms)
			ReleaseScriptCaches (2ms)
			RebuildScriptCaches (120ms)
			SetupLoadedEditorAssemblies (560ms)
				LogAssemblyErrors (0ms)
				InitializePlatformSupportModulesInManaged (30ms)
				SetLoadedEditorAssemblies (1ms)
				RefreshPlugins (2ms)
				BeforeProcessingInitializeOnLoad (93ms)
				ProcessInitializeOnLoadAttributes (383ms)
				ProcessInitializeOnLoadMethodAttributes (46ms)
				AfterProcessingInitializeOnLoad (5ms)
				EditorAssembliesLoaded (0ms)
			ExecutionOrderSort2 (0ms)
			AwakeInstancesAfterBackupRestoration (11ms)
Platform modules already initialized, skipping
OnLevelWasLoaded was found on ReCursor
This message has been deprecated and will be removed in a later version of Unity.
Add a delegate to SceneManager.sceneLoaded instead to get notifications after scene loading has completed
Refreshing native plugins compatible for Editor in 2.19 ms, found 2 plugins.
Preloading 0 native plugins for Editor in 0.00 ms.
Unloading 1808 Unused Serialized files (Serialized files now loaded: 0)
Unloading 15 unused Assets / (396.9 KB). Loaded Objects now: 2396.
Memory consumption went from 118.0 MB to 117.6 MB.
Total: 4.515500 ms (FindLiveObjects: 0.224200 ms CreateObjectMapping: 0.089200 ms MarkObjects: 3.751200 ms  DeleteObjects: 0.449700 ms)

AssetImportParameters requested are different than current active one (requested -> active):
  custom:video-decoder-ogg-theora: a1e56fd34408186e4bbccfd4996cb3dc -> 
  custom:container-muxer-webm: aa71ff27fc2769a1b78a27578f13a17b -> 
  custom:container-demuxer-webm: 4f35f7cbe854078d1ac9338744f61a02 -> 
  custom:video-encoder-webm-vp8: eb34c28f22e8b96e1ab97ce403110664 -> 
  custom:video-codec-MediaFoundation-h265: 746d11721c4dcdbdad8f713fa42b33f4 -> 
  custom:audio-encoder-webm-vorbis: bf7c407c2cedff20999df2af8eb42d56 -> 
  custom:framework-win-MediaFoundation: 216162199b28c13a410421893ffa2e32 -> 
  custom:container-demuxer-ogg: 62fdf1f143b41e24485cea50d1cbac27 -> 
  custom:video-decoder-webm-vp8: 9c59270c3fd7afecdb556c50c9e8de78 -> 
  custom:audio-decoder-ogg-vorbis: bf7c407c2cedff20999df2af8eb42d56 -> 
